<?xml version="1.0" encoding="UTF-8"?>
<!-- Generated by org.testng.reporters.JUnitReportReporter -->
<testsuite hostname="ZAUSVDISUBISWAS" name="com.poc.ReportingStructure.SecondReportDemo" tests="2" failures="0" timestamp="27 Jan 2017 14:52:50 GMT" time="10.390" errors="0">
  <testcase name="verifyHomePageTitle" time="7.838" classname="com.poc.ReportingStructure.SecondReportDemo"/>
  <testcase name="verifyLogo" time="2.552" classname="com.poc.ReportingStructure.SecondReportDemo"/>
</testsuite> <!-- com.poc.ReportingStructure.SecondReportDemo -->
