<?xml version="1.0" encoding="UTF-8"?>
<!-- Generated by org.testng.reporters.JUnitReportReporter -->
<testsuite hostname="ZAUSVDISUBISWAS" name="com.poc.ReportingStructure.BPA_Smoke_Login_TC001" tests="18" failures="0" timestamp="4 Feb 2017 16:03:59 GMT" time="15.402" errors="0">
  <testcase name="verify_execution" time="7.009" classname="com.poc.ReportingStructure.BPA_Smoke_Login_TC001"/>
  <testcase name="verify_execution" time="0.331" classname="com.poc.ReportingStructure.BPA_Smoke_Login_TC001"/>
  <testcase name="verify_execution" time="1.321" classname="com.poc.ReportingStructure.BPA_Smoke_Login_TC001"/>
  <testcase name="verify_execution" time="2.129" classname="com.poc.ReportingStructure.BPA_Smoke_Login_TC001"/>
  <testcase name="verify_execution" time="0.646" classname="com.poc.ReportingStructure.BPA_Smoke_Login_TC001"/>
  <testcase name="verify_execution" time="0.011" classname="com.poc.ReportingStructure.BPA_Smoke_Login_TC001"/>
  <testcase name="verify_execution" time="0.204" classname="com.poc.ReportingStructure.BPA_Smoke_Login_TC001"/>
  <testcase name="verify_execution" time="1.183" classname="com.poc.ReportingStructure.BPA_Smoke_Login_TC001"/>
  <testcase name="verify_execution" time="0.543" classname="com.poc.ReportingStructure.BPA_Smoke_Login_TC001"/>
  <testcase name="verify_execution" time="0.288" classname="com.poc.ReportingStructure.BPA_Smoke_Login_TC001"/>
  <testcase name="verify_execution" time="0.165" classname="com.poc.ReportingStructure.BPA_Smoke_Login_TC001"/>
  <testcase name="verify_execution" time="0.124" classname="com.poc.ReportingStructure.BPA_Smoke_Login_TC001"/>
  <testcase name="verify_execution" time="0.002" classname="com.poc.ReportingStructure.BPA_Smoke_Login_TC001"/>
  <testcase name="verify_execution" time="0.665" classname="com.poc.ReportingStructure.BPA_Smoke_Login_TC001"/>
  <testcase name="verify_execution" time="0.317" classname="com.poc.ReportingStructure.BPA_Smoke_Login_TC001"/>
  <testcase name="verify_execution" time="0.277" classname="com.poc.ReportingStructure.BPA_Smoke_Login_TC001"/>
  <testcase name="verify_execution" time="0.186" classname="com.poc.ReportingStructure.BPA_Smoke_Login_TC001"/>
  <testcase name="verify_execution" time="0.001" classname="com.poc.ReportingStructure.BPA_Smoke_Login_TC001"/>
</testsuite> <!-- com.poc.ReportingStructure.BPA_Smoke_Login_TC001 -->
