<?xml version="1.0" encoding="UTF-8"?>
<!-- Generated by org.testng.reporters.JUnitReportReporter -->
<testsuite hostname="ZAUSVDISUBISWAS" name="com.poc.ReportingStructure.FirstReportDemo" tests="1" failures="0" timestamp="1 Feb 2017 13:14:56 GMT" time="15.394" errors="0">
  <testcase name="verifyHomePageTitle" time="15.394" classname="com.poc.ReportingStructure.FirstReportDemo"/>
</testsuite> <!-- com.poc.ReportingStructure.FirstReportDemo -->
