<?xml version="1.0" encoding="UTF-8"?>
<!-- Generated by org.testng.reporters.JUnitReportReporter -->
<testsuite hostname="ZAUSVDISUBISWAS" name="com.poc.ReportingStructure.ThirdReportDemo" tests="1" failures="0" timestamp="1 Feb 2017 13:14:56 GMT" time="11.561" errors="0">
  <testcase name="verifyHomePageTitle" time="11.561" classname="com.poc.ReportingStructure.ThirdReportDemo"/>
</testsuite> <!-- com.poc.ReportingStructure.ThirdReportDemo -->
